proguard/mapping.txt
android.support.v4.view.KeyEventCompat$HoneycombKeyEventVersionImpl -> android.support.v4.view.o:
    int normalizeMetaState(int) -> a
    boolean metaStateHasModifiers(int,int) -> a
    boolean metaStateHasNoModifiers(int) -> b
android.support.v4.view.KeyEventCompat$KeyEventVersionImpl -> android.support.v4.view.p:
    boolean metaStateHasModifiers(int,int) -> a
    boolean metaStateHasNoModifiers(int) -> b
    void startTracking(android.view.KeyEvent) -> a
android.support.v4.view.KeyEventCompatEclair -> android.support.v4.view.q:
    void startTracking(android.view.KeyEvent) -> a
android.support.v4.view.KeyEventCompatHoneycomb -> android.support.v4.view.r:
    int normalizeMetaState(int) -> a
    boolean metaStateHasModifiers(int,int) -> a
    boolean metaStateHasNoModifiers(int) -> b
android.support.v4.view.MotionEventCompat -> android.support.v4.view.s:
    android.support.v4.view.MotionEventCompat$MotionEventVersionImpl IMPL -> a
    int getActionMasked(android.view.MotionEvent) -> a
    int getActionIndex(android.view.MotionEvent) -> b
    int findPointerIndex(android.view.MotionEvent,int) -> a
    int getPointerId(android.view.MotionEvent,int) -> b
    float getX(android.view.MotionEvent,int) -> c
    float getY(android.view.MotionEvent,int) -> d
    int getPointerCount(android.view.MotionEvent) -> c
android.support.v4.view.MotionEventCompat$BaseMotionEventVersionImpl -> android.support.v4.view.t:
    int findPointerIndex(android.view.MotionEvent,int) -> a
    int getPointerId(android.view.MotionEvent,int) -> b
    float getX(android.view.MotionEvent,int) -> c
    float getY(android.view.MotionEvent,int) -> d
    int getPointerCount(android.view.MotionEvent) -> a
android.support.v4.view.MotionEventCompat$EclairMotionEventVersionImpl -> android.support.v4.view.u:
    int findPointerIndex(android.view.MotionEvent,int) -> a
    int getPointerId(android.view.MotionEvent,int) -> b
    float getX(android.view.MotionEvent,int) -> c
    float getY(android.view.MotionEvent,int) -> d
    int getPointerCount(android.view.MotionEvent) -> a
android.support.v4.view.MotionEventCompat$MotionEventVersionImpl -> android.support.v4.view.v:
    int findPointerIndex(android.view.MotionEvent,int) -> a
    int getPointerId(android.view.MotionEvent,int) -> b
    float getX(android.view.MotionEvent,int) -> c
    float getY(android.view.MotionEvent,int) -> d
    int getPointerCount(android.view.MotionEvent) -> a
android.support.v4.view.MotionEventCompatEclair -> android.support.v4.view.w:
    int findPointerIndex(android.view.MotionEvent,int) -> a
    int getPointerId(android.view.MotionEvent,int) -> b
    float getX(android.view.MotionEvent,int) -> c
    float getY(android.view.MotionEvent,int) -> d
    int getPointerCount(android.view.MotionEvent) -> a
android.support.v4.view.PagerAdapter -> android.support.v4.view.x:
    android.database.DataSetObservable mObservable -> a
    int getCount() -> a
    void startUpdate(android.view.ViewGroup) -> a
    java.lang.Object instantiateItem(android.view.ViewGroup,int) -> a
    void destroyItem(android.view.ViewGroup,int,java.lang.Object) -> a
    void setPrimaryItem(android.view.ViewGroup,int,java.lang.Object) -> b
    void finishUpdate(android.view.ViewGroup) -> b
    void startUpdate(android.view.View) -> a
    java.lang.Object instantiateItem(android.view.View,int) -> a
    void destroyItem(android.view.View,int,java.lang.Object) -> a
    void setPrimaryItem(android.view.View,int,java.lang.Object) -> b
    void finishUpdate(android.view.View) -> b
    boolean isViewFromObject(android.view.View,java.lang.Object) -> a
    android.os.Parcelable saveState() -> b
    void restoreState(android.os.Parcelable,java.lang.ClassLoader) -> a
    int getItemPosition(java.lang.Object) -> a
    void registerDataSetObserver(android.database.DataSetObserver) -> a
    void unregisterDataSetObserver(android.database.DataSetObserver) -> b
    float getPageWidth(int) -> a